[   0.000000] Initializing cgroupsusys cpuset
[   0.000000] Initializng cgroup subsys cpu
[   0.00000] Initializing cgroup subsys cpuacct
[    .00000] Linux version 4.4.0-130-generic (buildd@lgw01-a64-039) (gcc version 5.4.0 20160609 (Ubuntu 5.0-6ubuntu1~16.04.9) ) #156-Ubuntu SMP Thu Jun 14 08:53:28 UTC 2018 (Ubuntu 4.4.0-130.156-generic 4.4.134)
[    0.000000] Command line: BOOT_IMAGE=/boot/vmlinuz-4.4.0-130-generic root=LABEL=cloudimg-rootfs ro console=tty1 console=ttyS0
[    0.000000] KERNEL supported cpus:
[    0.000000]   Intel GenuineIntel
[    0.000000]   AMD AuthenticAMD
[    0.000000]   Centaur CentaurHauls
[    0.000000] x86/fpu: xstate_offset[2]:  576, xstate_sizes[2]:  256
[   0.000000] x86/fpu: Supporting XSAVE feature 0x01: 'x87 floating point registers'
[    0.000000] x86/fpu: Supportig XSAVE feature 0x02: 'SSE registers'
[    0.000000] x86/fpu: Supporting XSAVE feature 0x4: 'AVX registers'
[    0.000000] x86/fpu: Enabled xstate features 0x7, context size is 832 bytes, using 'standard' format.
[    0.000000] x86/fpu: Using 'eager' FPU context switches.
[    0.000000] e820: BIOS-provided physical RAM map:
[    0.000000] BIOS-e820: [mem 0x0000000000000000-0x000000000009fbff] usable
[    0.000000] BIOS-e820: [em 0x000000000009fc00-0x00000000009ffff]reserved
[    0.000000] BIOS-e820: [mem 0x00000000000f0000-0x00000000000fffff] reserved
[    0.000000]BIOS-e820: [mem 0x0000000000100000-0x000000003ffeffff] usable
[    0.000000] BIOS-e820: [mem 0x00000003fff0000-0x00000003fffffff] ACPI data
[    0.00000] BIOS-e820: [mem 0x00000000fec00000-0x00000000fec00fff] reserved
[    0.000000] BIOS-e820: [mem 0x00000000fee00000-0x00000000fe0fff] reserved
[    0.000000] BIOS-e820: [mem 0x00000000fffc0000-0x00000000ffffffff] resrvd
[    0.000000] NX (Execute Disable) protectio: active
[    0.000000] SMBIOS 2.5 present.
[    0.000000] Hypervisor detected: KVM
[    0.000000] e820: last_pfn = 0x3fff0 max_arch_pfn= 0x400000000
[    0.000000] MTRR: Disabled
[   .00000] x8/PT: MTRRs disabled, skipping PAT initialization too.
[    0.000000] CPU MTRRs all blank - virtualized system.
[   0.000000] x86/PAT: Configuration [0-7] WB WT  UC- UC  WB  WT  UC- UC  
[    0.000000] found SMP MP-table at [mem 0x0009fff0-0x000fff] mapped at [ffff88000009fff0]
[    0.000000] Scanning 1 areas for low memory corruption
[    0.000000] RAMDISK: [mem 0x36aa4000-0x37549fff]
[    0.000000] ACPI: Early table checksum verification disabled
[    0.000000] ACPI: RSDP 0x00000000000000 000024 (v02 VBOX  )
[    0.0000] ACPI: XSDT 0x000000003FFF0030 00003C (v01 VBOX   VOXXXSDT 00000001 ASL  0000061)
[    0.000000] ACPI: FAP 0x000000003FFF00F0 0000F4 (v04 VBOX   VBOXFACP 0000001 ASL  00000061)
[    0.000000] ACPI: DSDT 0x000000003FFF0470 0021FF (v02 VBOX   VBOXBIOS 00000002 INTL 20100528)
[    0.000000] ACPI: FACS 0x000000003FFF0200 000040
[    0.000000] ACPI: FACS 0x000000003FFF0200 000040
[    0.000000] ACPI: APIC 0x000000003FFF0240 00005C (v02 VBOX   VBOXAPIC 00000001 ASL  00000061)
[    0.000000] ACPI: SSDT 0x000000003FFF02A0 0001CC (v01 VBOX   VBOXCPUT 00000002 INTL 20100528)
[    0.000000] No NUMA configuration found
[    0.000000] Faking a node at [mem 0x0000000000000000-0x000000003ffeffff]
[    0.000000] NODE_DATA(0 allocte [mem 0x3ffeb000-0x3ffffff]
[    0.000000] kvm-clock: Using msrs 4b564d01 and 4b564d00
[    0.000000] kvm-clock: cpu 0, msr 0:3ffe3001, primary cpu clock
[    0.000000] kvm-clock: using sched offset of 5358653064 cycles
[    0.000000] clocksource: km-clock: mask: 0xffffffffffffffff max_cycles: 0x1cd42e4dffb, max_idle_ns: 88159059148ns
[     0.000000] Zone ranges:
[    0.000000]   DMA      [mem 0x0000000000001000-0x000000000ffffff]
[    0.000000]   DMA32    [mem 0x0000000001000000-0x000000003ffeffff]
[    0.000000]   Normal   empty
[    0.000000]   Device   empty
[    0.000000] Movable zone start for each node
[   0.000000] Early memory node ranges
[    0.000000]   node   0: [mem 0x000000000001000-0x000000000009efff]
[   00.000000]  node   0: [mem 0x0000000000100000-0x000000003ffeffff]
[    0.000000] Initmem setup node 0 [mem 0x0000000000001000-0x000000003ffeffff]
[    0.000000] ACPI: PM-Timer IO Port: 0x4008
[    0.000000] IOAPIC[0]: apic_id 2, version 32, address 0xfec00000, GSI 0-23
[    0.000000] ACPI: INT_SRC_OVR (bus 0 bus_irq 0 global_irq 2 dfl dfl)
[    0.000000] ACPI: INT_SRC_OVR (bus 0 bus_irq 9 global_irq 9 low lvel)
[    0.000000] Using ACPI (MADT) for SMPconfiguration information
[    0.000000] smpboot: Allowin 2 CPUs, 0 hotplug CPUs
[    0.000000] PM: Registered nosave memory: [mem 0x00000000-0x00000fff]
[    0.000000] PM: Registered nosave memory: [mem 0x0009f000-0x0009ffff]
[    0.000000 PM: Registered nosave memory: [mem 0x000a0000-0x000effff]
[    0.000000] PM: Registered nosavememory: [mem 0x000f0000-0x000fffff]
[    0.000000] e820: [mem 0x40000000-0xfebfffff] available for PCI devices
[    0.000000] Booting paravirtualized kernel on KVM
[    0.000000] clocksource: refined-jiffies: mask: 0xffffffff max_cycles: 0xffffffff, max_idle_ns: 7645519600211568 ns
[    0.000000] setup_percpu: NR_CPUS:512 nr_cpumask_bits:512 nr_cpu_ids:2 nr_node_ids1
[    0.000000] PERCPU: Embedded 34 pages/cpu @ffff88003fc00000 s99544 r8192 d31528 u1048576
[    0.000000] PV qspinlock hash table entries: 256 (order: 0, 4096 bytes)
[    0.000000] Built 1 zonelists in Node order, mobility grouping on.  Total pages: 5791
[   .00000] Policy zone: DMA32[    0.00000] Kernel command line: OOT_MAGE=/boot/vmlinuz-4.4.0-130-generic root=LABEL=couimg-rots ro console=tty1 console=ttyS0
[    0.000000] PID hash table entries: 4096 (order: 3,3276 bytes)
[   0.00000] Memory: 1001612K/1048120K available (8546K kernel code, 1313K rwdata, 4000K roat, 1516K init, 1316K bss, 46508K reserved, 0K cma-reserved)
[    0.000000] SLUB: HWalign=64, Order=0-3, MinObjects=0,CPUs=2, Nodes=1
[    0.00000] Kernel/User pagetables isolation: enabled
[   0.0000] Hierarchical RCU implementation.
[    0.000000]	Bild-time adjustment of leaf fanout to 64.
[    0.000000] 	RCU restricting CPUs from NRPUS=512 to nr_cpu_ids=2.
[    0.000000] RCU: Adjusting geometry for rcu_fanout_leaf=64, nr_cpu_ids=2
[   0.00000] NR_IRQS:33024 nr_irqs:440 16
[    0.000000] Console: colour VGA+ 80x25
[    0.000000] console [tty1] enabled
[    0.000000] console [ttyS0] enabled
[    0.000000] sc: Detected 1600.000 MHz processor
[    3.669767] Calibrating delay loop (skipped) preset value.. 3200.00 BogoMIPS (lpj=6400000)
[    3.689186] pid_max: default: 32768 minimum: 301
[    3.700153] ACPI: Core revision 20150930
[    3.712237] ACPI: 2 ACPI AML tables successfully acquired and loaded
[    3.726422] Security Framework initialized
[    3.728623] Yama: becoming mindful.
[    3.730080] AppArmor: AppArmor initialized
[    3.744096] Dentry cache hash table entries: 131072 (order: 8, 1048576 bytes)
[    3.758795] Inode-cache hash table entries: 65536 (order: 7, 524288 bytes)
[    3.770933] Mount-cache hash table entries: 2048 (order: 2, 16384 bytes)
[    3.798943] Mountpoint-cache hash table entries: 2048 (order: 2, 16384 bytes)
[    3.804399] Initializing cgroup subsys io
[    3.813354] Initializing cgroup subsys memory
[    3.836941] Initializing cgroup subsys devices
[    3.838939] Initializing cgroup subsys freezer
[    3.840549] Initializing cgroup subsys net_cls
[    3.860012] Initializing cgroup subsys perf_event
[    3.879671] Initializing cgroup subsys net_prio
[    3.907376] Initializing cgroup subsys hugetlb
[    3.936534] Initializing cgroup subsys pids
[    3.938678] CPU: Physical Processor ID: 0
[    3.946239] CPU: Processor Core ID: 0
[    3.959935] mce: CPU supports 0 MCE banks
[    3.961356] Last level iTLB entries: 4KB 64, 2MB 8, 4MB 8
[    3.963007] Last level dTLB entries: 4KB 64, 2MB 0, 4MB 0, 1GB 4
[    3.965402] Spectre V2 : Mitigation: Full generic retpoline
[    3.984365] Spectre V2 : Speculation control IBPB not-supported IBRS not-supported
[    4.002848] Speculative Store Bypass: Vulnerable
[    4.009983] Freeing SMP alternatives memory: 32K
[    4.022916] ftrace: allocating 32245 entries in 126 pages
[    4.099134] smpboot: APIC(0) Converting physical 0 to logical package 0
[    4.110592] smpboot: Max logical packages: 1
[    4.122708] x2apic enabled
[    4.123969] Switched APIC routing to physical x2apic.
[    4.143542] ..TIMER: vector=0x30 apic1=0 pin1=2 apic2=-1 pin2=-1
[    4.250527] smpboot: CPU0: Intel(R) Core(TM) i5-5250U CPU @ 1.60GHz (family: 0x6, model: 0x3d, stepping: 0x4)
[    4.291190] Performance Events: unsupported p6 CPU model 61 no PMU driver, software events only.
[    4.307671] KVM setup paravirtual spinlock
[    4.309863] x86: Booting SMP configuration:
[    4.319013] .... node  #0, CPUs:      #1
[    4.336896] kvm-clock: cpu 1, msr 0:3ffe3041, secondary cpu clock
[    4.342020] mce: CPU supports 0 MCE banks
[    4.372353] x86: Booted up 1 node, 2 CPUs
[    4.374718] smpboot: Total of 2 processors activated (6400.00 BogoMIPS)
[    4.378830] devtmpfs: initialized
[    4.383826] evm: security.selinux
[    4.385505] evm: security.SMACK64
[    4.386775] evm: security.SMACK64EXEC
[    4.388033] evm: security.SMACK64TRANSMUTE
[    4.392022] evm: security.SMACK64MMAP
[    4.394067] evm: security.ima
[    4.395146] evm: security.capability
[    4.397230] clocksource: jiffies: mask: 0xffffffff max_cycles: 0xffffffff, max_idle_ns: 7645041785100000 ns
[    4.416750] futex hash table entries: 512 (order: 3, 32768 bytes)
[    4.421503] pinctrl core: initialized pinctrl subsystem
[    4.435206] RTC time:  1:38:14, date: 09/04/18
[    4.444427] NET: Registered protocol family 16
[    4.513047] cpuidle: using governor ladder
[    4.537141] cpuidle: using governor menu
[    4.556469] PCCT header not found.
[    4.575374] ACPI: bus type PCI registered
[    4.576694] acpiphp: ACPI Hot Plug PCI Controller Driver version: 0.5
[    4.578655] PCI: Using configuration type 1 for base access
[    4.606481] ACPI: Added _OSI(Module Device)
[    4.625642] ACPI: Added _OSI(Processor Device)
[    4.630685] ACPI: Added _OSI(3.0 _SCP Extensions)
[    4.637353] ACPI: Added _OSI(Processor Aggregator Device)
[    4.647088] ACPI: Executed 1 blocks of module-level executable AML code
[    4.655875] ACPI: Interpreter enabled
[    4.657143] ACPI: (supports S0 S5)
[    4.658729] ACPI: Using IOAPIC for interrupt routing
[    4.680913] PCI: Using host bridge windows from ACPI; if necessary, use "pci=nocrs" and report a bug
[    4.692412] ACPI: PCI Root Bridge [PCI0] (domain 0000 [bus 00-ff])
[    4.694355] acpi PNP0A03:00: _OSC: OS supports [ASPM ClockPM Segments MSI]
[    4.723923] acpi PNP0A03:00: _OSC: not requesting OS control; OS requires [ExtendedConfig ASPM ClockPM MSI]
[    4.740371] acpi PNP0A03:00: fail to add MMCONFIG information, can't access extended PCI configuration space under this bridge.
[    4.764906] PCI host bridge to bus 0000:00
[    4.770448] pci_bus 0000:00: root bus resource [io  0x0000-0x0cf7 window]
[    4.775401] pci_bus 0000:00: root bus resource [io  0x0d00-0xffff window]
[    4.788553] pci_bus 0000:00: root bus resource [mem 0x000a0000-0x000bffff window]
[    4.798548] pci_bus 0000:00: root bus resource [mem 0x40000000-0xfdffffff window]
[    4.802288] pci_bus 0000:00: root bus resource [bus 00-ff]
[    4.825694] pci 0000:00:01.1: legacy IDE quirk: reg 0x10: [io  0x01f0-0x01f7]
[    4.828110] pci 0000:00:01.1: legacy IDE quirk: reg 0x14: [io  0x03f6]
[    4.829961] pci 0000:00:01.1: legacy IDE quirk: reg 0x18: [io  0x0170-0x0177]
[    4.859469] pci 0000:00:01.1: legacy IDE quirk: reg 0x1c: [io  0x0376]
[    4.895700] pci 0000:00:07.0: quirk: [io  0x4000-0x403f] claimed by PIIX4 ACPI
[    4.899491] pci 0000:00:07.0: quirk: [io  0x4100-0x410f] claimed by PIIX4 SMB
[    4.914198] ACPI: PCI Interrupt Link [LNKA] (IRQs 5 9 10 *11)
[    4.930511] ACPI: PCI Interrupt Link [LNKB] (IRQs 5 9 *10 11)
[    4.935113] ACPI: PCI Interrupt Link [LNKC] (IRQs 5 *9 10 11)
[    4.939842] ACPI: PCI Interrupt Link [LNKD] (IRQs 5 9 10 *11)
[    4.945460] ACPI: Enabled 2 GPEs in block 00 to 07
[    4.951143] vgaarb: setting as boot device: PCI:0000:00:02.0
[    4.957299] vgaarb: device added: PCI:0000:00:02.0,decodes=io+mem,owns=io+mem,locks=none
[    4.966726] vgaarb: loaded
[    4.974570] vgaarb: bridge control possible 0000:00:02.0
[    5.011585] SCSI subsystem initialized
[    5.018119] ACPI: bus type USB registered
[    5.022416] usbcore: registered new interface driver usbfs
[    5.025819] usbcore: registered new interface driver hub
[    5.030717] usbcore: registered new device driver usb
[    5.046706] PCI: Using ACPI for IRQ routing
[    5.259788] NetLabel: Initializing
[    5.309854] NetLabel:  domain hash size = 128
[    5.331744] NetLabel:  protocols = UNLABELED CIPSOv4
[    5.336965] NetLabel:  unlabeled traffic allowed by default
[    5.372368] amd_nb: Cannot enumerate AMD northbridges
[    5.404780] clocksource: Switched to clocksource kvm-clock
[    5.455250] AppArmor: AppArmor Filesystem Enabled
[    5.480957] pnp: PnP ACPI init
[    5.494210] pnp: PnP ACPI: found 3 devices
[    5.529498] clocksource: acpi_pm: mask: 0xffffff max_cycles: 0xffffff, max_idle_ns: 2085701024 ns
[    5.579781] NET: Registered protocol family 2
[    5.588410] TCP established hash table entries: 8192 (order: 4, 65536 bytes)
[    5.602497] TCP bind hash table entries: 8192 (order: 5, 131072 bytes)
[    5.606959] TCP: Hash tables configured (established 8192 bind 8192)
[    5.619260] UDP hash table entries: 512 (order: 2, 16384 bytes)
[    5.627613] UDP-Lite hash table entries: 512 (order: 2, 16384 bytes)
[    5.648483] NET: Registered protocol family 1
[    5.654141] pci 0000:00:00.0: Limiting direct PCI/PCI transfers
[    5.655917] pci 0000:00:01.0: Activating ISA DMA hang workarounds
[    5.657897] Unpacking initramfs...
[    8.359530] Freeing initrd memory: 10904K
[    8.373533] RAPL PMU detected, API unit is 2^-32 Joules, 4 fixed counters 10737418240 ms ovfl timer
[    8.376596] hw unit of domain pp0-core 2^-0 Joules
[    8.378161] hw unit of domain package 2^-0 Joules
[    8.400422] hw unit of domain dram 2^-0 Joules
[    8.434722] hw unit of domain pp1-gpu 2^-0 Joules
[    8.438107] platform rtc_cmos: registered platform RTC device (no PNP device found)
[    8.440853] Scanning for low memory corruption every 60 seconds
[    8.450857] audit: initializing netlink subsys (disabled)
[    8.452627] audit: type=2000 audit(1536025100.773:1): initialized
[    8.460436] Initialise system trusted keyring
[    8.471437] HugeTLB registered 2 MB page size, pre-allocated 0 pages
[    8.487463] zbud: loaded
[    8.490974] VFS: Disk quotas dquot_6.6.0
[    8.500925] VFS: Dquot-cache hash table entries: 512 (order 0, 4096 bytes)
[    8.504528] squashfs: version 4.0 (2009/01/31) Phillip Lougher
[    8.513384] fuse init (API version 7.23)
[    8.533503] Key type big_key registered
[    8.535176] Allocating IMA MOK and blacklist keyrings.
[    8.548875] Key type asymmetric registered
[    8.555074] Asymmetric key parser 'x509' registered
[    8.558847] Block layer SCSI generic (bsg) driver version 0.4 loaded (major 249)
[    8.569244] io scheduler noop registered
[    8.570643] io scheduler deadline registered (default)
[    8.572344] io scheduler cfq registered
[    8.588525] pci_hotplug: PCI Hot Plug PCI Core version: 0.5
[    8.611191] pciehp: PCI Express Hot Plug Controller Driver version: 0.4
[    8.627876] ACPI: AC Adapter [AC] (on-line)
[    8.630993] input: Power Button as /devices/LNXSYSTM:00/LNXPWRBN:00/input/input0
[    8.670983] ACPI: Power Button [PWRF]
[    8.705727] input: Sleep Button as /devices/LNXSYSTM:00/LNXSLPBN:00/input/input1
[    8.711838] ACPI: Sleep Button [SLPF]
[    8.753924] GHES: HEST is not enabled!
[    8.755982] ACPI: Battery Slot [BAT0] (battery present)
[    8.801173] Serial: 8250/16550 driver, 32 ports, IRQ sharing enabled
[    8.844772] 00:02: ttyS0 at I/O 0x3f8 (irq = 4, base_baud = 115200) is a 16550A
[    8.866831] Linux agpgart interface v0.103
[    8.873345] loop: module loaded
[    8.876297] scsi host0: ata_piix
[    8.883777] scsi host1: ata_piix
[    8.885051] ata1: PATA max UDMA/33 cmd 0x1f0 ctl 0x3f6 bmdma 0xd000 irq 14
[    8.901916] ata2: PATA max UDMA/33 cmd 0x170 ctl 0x376 bmdma 0xd008 irq 15
[    8.912175] libphy: Fixed MDIO Bus: probed
[    8.928087] tun: Universal TUN/TAP device driver, 1.6
[    8.936414] tun: (C) 1999-2004 Max Krasnyansky <maxk@qualcomm.com>
[    8.948497] PPP generic driver version 2.4.2
[    8.953305] ehci_hcd: USB 2.0 'Enhanced' Host Controller (EHCI) Driver
[    9.080536] ehci-pci: EHCI PCI platform driver
[    9.082975] ehci-platform: EHCI generic platform driver
[    9.091675] ohci_hcd: USB 1.1 'Open' Host Controller (OHCI) Driver
[    9.103487] ohci-pci: OHCI PCI platform driver
[    9.106021] ohci-platform: OHCI generic platform driver
[    9.145793] uhci_hcd: USB Universal Host Controller Interface driver
[    9.159360] i8042: PNP: PS/2 Controller [PNP0303:PS2K,PNP0f03:PS2M] at 0x60,0x64 irq 1,12
[    9.178486] serio: i8042 KBD port at 0x60,0x64 irq 1
[    9.188007] serio: i8042 AUX port at 0x60,0x64 irq 12
[    9.209316] mousedev: PS/2 mouse device common for all mice
[    9.32310] rtc_cmos rc_cmos: rtc core: registered rtc_cmos as rtc0

[    9.427403] rtc_cmos rtc_cmos: alarms up to one day, 114 bytes nvram
[    9.438368] tsc: Refined TSC clocouce libration: 1599.869 MHz
[    9.438371] clocksource: tsc: mask: 0xffffffffffffffff maxcycles: 0x170fa91a584, max_idle_ns: 44079520978ns
[    9.440117] input: AT Translated Set 2 keyboard as /devices/platform/i8042/serio0/input/input2
[   9.794142] i2c /dev entries driver
[    9.83675 device-mpper: ueent: version 1.03

[   10.058638] device-mapper: ioctl: 4.34.0-ioctl (2015-10-28) initialised: dm-devel@redhat.com
[   10.070345] ledtrig-cpu: registered to indicate activity on CPUs
[   10.088028] NET: Registered protocol family 10
[   10.098725] NET: Registered protocol family 17
[   10.105815] Key type dns_resolver registered
[   10.116372] registered taskstats version 1
[   10.125518] Loading compiled-in X.509 certificates
[   10.132686] Loaded X.509 crt 'Build time autogenerated kernel key: b3e0fe4bcd6378c38a2c0a4648abbc1fa504322
[  1.2313] zswap:loaded using pool lzo/zbud

[   10.377735] Key type trusted registered
[   10.390647] Key type encrypted registered
[   10.394351] AppArmor: AppArmor sha1 policy hashing enabled
[   10.396055] ima: No TPM chip found, activating TPM-bypass!
[   10.399608] ima: Allocated hash algorithm: sha1
[   10.401152] evm: HMAC attrs: 0x1
[   10.403373]   Magic number: 2:3:609
[   10.410930] node node0: hash matches
[   10.419692] rtc_cmos rtc_cmos: setting system clock to 2018-09-04 01:38:20 UTC (1536025100)
[   10.428970] BIOS EDD facility v0.16 2004-Jun-25, 0 devices found
[   10.440676] EDD information not available.
[   10.460203] Freeing unused kernel memory: 1516K
[   10.489256] Write protecting the kernel read-only data: 14336k
[   10.510319] Freeing unused kernel memory: 1680K
[   10.638423] Freeing unused kernel memory: 96K
Loading, please wait...
starting version[   10.663147] random: systemd-udevd: uninitialized urandom read (16 bytes read, 7 bits of entropy available)
 229
[   10.663538] random: udevadm: uninitialized urandom read (16 bytes read, 7 bits of entropy available)
[   10.663580] random: udevadm: uninitialized urandom read (16 bytes read, 7 bits of entropy available)
[   10.676755] random: udevadm: uninitialized urandom read (16 bytes read, 7 bits of entropy available)
[   10.676936] random: udevadm: uninitialized urandom read (16 bytes read, 7 bits of entropy available)
[   10.677135] random: udevadm: uninitialized urandom read (16 bytes read, 7 bits of entropy available)
[   10.677190] random: udevadm: uninitialized urandom read (16 bytes read, 7 bits of entropy available)
[   10.677241] random: udevadm: uninitialized urandom read (16 bytes read, 7 bits of entropy available)
[   10.677293] random: udevadm: uninitialized urandom read (16 bytes read, 7 bits of entropy available)
[   10.677345] random: udevadm: uninitialized urandom read (16 bytes read, 7 bits of entropy available)
[   10.862760] Fusion MPT base driver 3.04.20
[   10.877137] Copyright (c) 1999-2008 LSI Corporation
[   10.892926] e1000: Intel(R) PRO/1000 Network Driver - version 7.3.21-k8-NAPI
[   10.895151] e1000: Copyright (c) 1999-2006 Intel Corporation.
[   10.932477] Fusion MPT SPI Host driver 3.04.20
[   10.941534] mptbase: ioc0: Initiating bringup
[   10.955441] AVX2 version of gcm_enc/dec engaged.
[   10.958506] AES CTR mode by8 optimization enabled
[   11.020486] ioc0: LSI53C1030 A0: Capabilities={Initiator}
[   11.443314] input: ImExPS/2 Generic Explorer Mouse as /devices/platform/i8042/serio1/input/input4
[   11.613350] scsi host2: ioc0: LSI53C1030 A0, FwRev=00000000h, Ports=1, MaxQ=256, IRQ=20
[   11.736291] scsi 2:0:0:0: Direct-Access     VBOX     HARDDISK         1.0  PQ: 0 ANSI: 5
[   11.763010] scsi target2:0:0: Beginning Domain Validation
[   11.767081] scsi target2:0:0: Domain Validation skipping write tests
[   11.769103] scsi target2:0:0: Ending Domain Validation
[   11.783096] scsi target2:0:0: asynchronous
[   11.813017] scsi 2:0:1:0: Direct-Access     VBOX     HARDDISK         1.0  PQ: 0 ANSI: 5
[   11.815313] scsi target2:0:1: Beginning Domain Validation
[   11.819830] scsi target2:0:1: Domain Validation skipping write tests
[   11.822705] scsi target2:0:1: Ending Domain Validation
[   11.824233] scsi target2:0:1: asynchronous
[   11.838072] sd 2:0:0:0: Attached scsi generic sg0 type 0
[   11.840175] sd 2:0:1:0: Attached scsi generic sg1 type 0
[   11.841594] sd 2:0:0:0: [sda] 20971520 512-byte logical blocks: (10.7 GB/10.0 GiB)
[   11.841887] sd 2:0:1:0: [sdb] 20480 512-byte logical blocks: (10.5 MB/10.0 MiB)
[   11.842807] sd 2:0:1:0: [sdb] Write Protect is off
[   11.842942] sd 2:0:1:0: [sdb] Incomplete mode parameter data
[   11.842943] sd 2:0:1:0: [sdb] Assuming drive cache: write through
[   11.843376] sd 2:0:0:0: [sda] Write Protect is off
[   11.843526] sd 2:0:0:0: [sda] Incomplete mode parameter data
[   11.843527] sd 2:0:0:0: [sda] Assuming drive cache: write through
[   11.886661]  sda: sda1
[   11.896036] sd 2:0:0:0: [sda] Attached SCSI disk
[   11.901357] sd 2:0:1:0: [sdb] Attached SCSI disk
[   12.195455] e1000 0000:00:03.0 eth0: (PCI:33MHz:32-bit) 02:c5:fa:e6:4f:6d
[   12.198760] e1000 0000:00:03.0 eth0: Intel(R) PRO/1000 Network Connection
[   12.211247] e1000 0000:00:03.0 enp0s3: renamed from eth0
Begin: Loading essential drivers ... [   13.770186] md: linear personality registered for level -1
[   13.781745] md: multipath personality registered for level -4
[   13.805862] md: raid0 personality registered for level 0
[   13.827619] md: raid1 personality registered for level 1
[   13.932842] raid6: sse2x1   gen()  4835 MB/s
[   14.021045] raid6: sse2x1   xor()   684 MB/s
[   14.124882] raid6: sse2x2   gen()  5529 MB/s
[   14.201098] raid6: sse2x2   xor()  3205 MB/s
[   14.272952] raid6: sse2x4   gen()  8605 MB/s
[   14.357157] raid6: sse2x4   xor()  4325 MB/s
[   14.441801] raid6: avx2x1   gen()  8642 MB/s
[   14.513218] raid6: avx2x2   gen() 10965 MB/s
[   14.581169] raid6: avx2x4   gen() 15916 MB/s
[   14.585947] raid6: using algorithm avx2x4 gen() 15916 MB/s
[   14.590896] raid6: using avx2x2 recovery algorithm
[   14.614677] xor: automatically using best checksumming function:
[   14.672825]    avx       : 18464.000 MB/sec
[   14.699120] async_tx: api initialized (async)
[   14.711324] md: raid6 personality registered for level 6
[   14.717100] md: raid5 personality registered for level 5
[   14.718722] md: raid4 personality registered for level 4
[   14.776323] md: raid10 personality registered for level 10
done.
Begin: Running /scripts/init-premount ... done.
Begin: Mounting root file system ... Begin: Running /scripts/local-top ... done[   14.841741] Btrfs loaded
.
Begin: Running /scripts/local-premount ... Scanning for Btrfs filesystems
done.
Warning: fsck not present, so skipping root file system
[   14.985655] EXT4-fs (sda1): mounted filesystem with ordered data mode. Opts: (null)
done.
Begin: Running /scripts/local-bottom ... done.
Begin: Running /scripts/init-bottom ... done.
[   15.495824] systemd[1]: systemd 229 running in system mode. (+PAM +AUDIT +SELINUX +IMA +APPARMOR +SMACK +SYSVINIT +UTMP +LIBCRYPTSETUP +GCRYPT +GNUTLS +ACL +XZ -LZ4 +SECCOMP +BLKID +ELFUTILS +KMOD -IDN)
[   15.553914] systemd[1]: Detected virtualization oracle.
[   15.589735] systemd[1]: Detected architecture x86-64.

Welcome to [1mUbuntu 16.04.4 LTS[0m!

[   15.625265] systemd[1]: Set hostname to <ubuntu>.
[   15.647227] systemd[1]: Initializing machine ID from random generator.
[   15.703594] systemd[1]: Installed transient /etc/machine-id file.
[   16.166167] random: nonblocking pool is initialized
[   16.254425] systemd[1]: Listening on udev Control Socket.
[[0;32m  OK  [0m] Listening on udev Control Socket.
[   16.299228] systemd[1]: Listening on LVM2 metadata daemon socket.
[[0;32m  OK  [0m] Listening on LVM2 metadata daemon socket.
[   16.314375] systemd[1]: Listening on Device-mapper event daemon FIFOs.
[[0;32m  OK  [0m] Listening on Device-mapper event daemon FIFOs.
[  16.470584] systemd[1]: Reached target System Time Synchronized.
[[0;32m  OK  [0m] Reached target System Time Synchronized.
[   16.700314] systemd[1]: Reached target Swap.
[[0;32m  OK  [0m] Reached target Swap.
[   16.857581] systemd[1]: Started Forward Password Requests to Wall Directory Watch.
[[0;32m  OK  [0m] Started Forward Password Requests to Wall Directory Watch.
[   16.917751]ystemd[1]: Listening on LVM2 pol daemon socket.
[[0;32m  OK  [0m] Listening on LVM2 poll daemon socket.
[   17.433200] systemd[1]: Created slice System Slice.
[[0;32m  OK  [0m] Created slice System Slice.
[   17.40288] systemd[1]: Created slice system-serial\x2dgetty.slice.

[[0;32m  OK  [0m] Created slice system-serial\x2dgetty.slice.
[   17.529691] systemd[1]: Reached target Encrypted Volumes.
[[0;32m  OK  [0m] Reached target Encrypted Volumes.
[   17.581324] systemd[1]: Listening on Syslog Socket.
[[0;32m  OK  [0m] Listening on Syslog Socket.
[   17.629932] systemd[1]: Listening on /dev/initctl Compatibility Named Pipe.
[[0;32m  OK  [0m] Listening on /dev/initctl Compatibility Named Pipe.
[   17.640681] systemd[1]: Created slice User and Session Slice.
[[0;32m  OK  [0m] Created slice User and Session Slice.
[   17.661160] systemd[1]: Listening on udev Kernel Socket.
[[0;32m  OK  [0m] Listening on udev Kernel Socket.
[   17.666559] systemd[1]: Listening on Journal Socket (/dev/log).
[[0;32m  OK  [0m] Listening on Journal Socket (/dev/log).
[   17.698141] systemd[1]: Started Trigger resolvconf update for networkd DNS.
[[0;32m  OK  [0m] Started Trigger resolvconf update for networkd DNS.
[   17.731612] systemd[1]: Listening on Journal Socket.
[[0;32m  OK  [0m] Listening on Journal Socket.
[   17.765448] systemd[1]: Starting Uncomplicated firewall...
         Starting Uncomplicated firewall...
[   17.790626] systemd[1]: Mounting POSIX Message Queue File System...
         Mounting POSIX Message Queue File System...
[   17.806787] systemd[1]: Mounting Huge Pages File System...
         Mounting Huge Pages File System...
[   17.833650] systemd[1]: Starting Create list of required static device nodes for the current kernel...
         Starting Create list of required st... nodes for the current kernel...
[   17.862972] systemd[1]: Starting Remount Root and Kernel File Systems...
         Starting Remount Root and Kernel[   17.869662] EXT4-fs (sda1): re-mounted. Opts: (null)
 File Systems...
[   17.880371] systemd[1]: Starting Load Kernel Modules...
         Starting Load Kernel Modules...
[   17.898088] systemd[1]: Starting Nameserver information manager...
[   17.908504] Loading iSCSI transport class v2.0-870.
         Starting Nameserver information manager...
[   17.929223] iscsi: registered transport (tcp)
[   17.963483] systemd[1]: Starting Monitoring of LVM2 mirrors, snapshots etc. using dmeventd or progress polling...
[   17.993283] iscsi: registered transport (iser)
         Starting Monitoring of LVM2 mirrors... dmeventd or progress polling...
[   18.010145] systemd[1]: Listening on Journal Audit Socket.
[[0;32m  OK  [0m] Listening on Journal Audit Socket.
[   18.056810] systemd[1]: Starting Journal Service...
         Starting Journal Service...
[   18.094343] systemd[1]: Set up automount Arbitrary Executable File Formats File System Automount Point.
[[0;32m  OK  [0m] Set up automount Arbitrary Executab...ats File System Automount Point.
[   18.121583] systemd[1]: Reached target User and Group Name Lookups.
[[0;32m  OK  [0m] Reached target User and Group Name Lookups.
[   18.157653] systemd[1]: Reached target Slices.
[[0;32m  OK  [0m] Reached target Slices.
[   18.245727] systemd[1]: Mounting Debug File System...
         Mounting Debug File System...
[   18.280646] systemd[1]: Starting Set console keymap...
         Starting Set console keymap...
[   18.314266] systemd[1]: Mounted POSIX Message Queue File System.
[[0;32m  OK  [0m] Mounted POSIX Message Queue File System.
[   18.323474] systemd[1]: Mounted Huge Pages File System.
[[0;32m  OK  [0m] Mounted Huge Pages File System.
[   18.342942] systemd[1]: Mounted Debug File System.
[[0;32m  OK  [0m] Mounted Debug File System.
[   18.374818] systemd[1]: Started Journal Service.
[[0;32m  OK  [0m] Started Journal Service.
[[0;32m  OK  [0m] Started Uncomplicated firewall.
[[0;32m  OK  [0m] Started Create list of required sta...ce nodes for the current kernel.
[[0;32m  OK  [0m] Started Remount Root and Kernel File Systems.
[[0;32m  OK  [0m] Started Load Kernel Modules.
[[0;32m  OK  [0m] Started Set console keymap.
[[0;32m  OK  [0m] Started Nameserver information manager.
[[0;32m  OK  [0m] Started LVM2 metadata daemon.
         Starting Apply Kernel Variables...
         Mounting FUSE Control File System...
         Starting udev Coldplug all Devices...
         Starting Load/Save Random Seed...
         Starting Create Static Device Nodes in /dev...
         Starting Flush Journal to Persistent Storage...
[[0;32m  OK  [0m] Mounted FUSE Control File System.
[[0;32m  OK  [0m] Started Apply Kernel Variables.
[[0;32m  OK  [0m] Started Load/Save Random Seed.
[[0;32m  OK  [0m] Started Create Static Device Nodes in /dev.
[[0;32m  OK  [0m] Started udev Coldplug all Devices.
[[0;32m  OK  [0m] Started Monitoring of LVM2 mirrors,...ng dmeventd or progress polling.
[[0;32m  OK  [0m] Started Flush Journal to Persistent Storage.
         Starting udev Kernel Device Manager...
[[0;32m  OK  [0m] Started udev Kernel Device Manager.
[[0;32m  OK  [0m] Reached target Local File Systems (Pre).
[[0;32m  OK  [0m] Reached target Local File Systems.
         Starting Commit a transient machine-id on disk...
         Starting Set console font and keymap...
         Starting Create Volatile Files and Directories...
         Starting LSB: AppArmor initialization...
         Starting Initial cloud-init job (pre-networking)...
         Starting Tell Plymouth To Write Out Runtime Data...
[[0;32m  OK  [0m] Started Dispatch Password Requests to Console Directory Watch.
[[0;32m  OK  [0m] Started Commit a transient machine-id on disk.
[[0;32m  OK  [0m] Started Create Volatile Files and Directories.
[[0;32m  OK  [0m] Started Tell Plymouth To Write Out Runtime Data.
         Starting Update UTMP about System Boot/Shutdown...
[[0;32m  OK  [0m] Started Update UTMP about System Boot/Shutdown.
[[0;32m  OK  [0m] Found device /dev/ttyS0.
[[0;32m  OK  [0m] Started Set console font and keymap.
[[0;32m  OK  [0m] Created slice system-getty.slice.
[[0;32m  OK  [0m] Listening on Load/Save RF Kill Switch Status /dev/rfkill Watch.
[[0;32m  OK  [0m] Started LSB: AppArmor initialization.
[   20.890302] cloud-init[494]: Cloud-init v. 18.2 running 'init-local' at Tue, 04 Sep 2018 01:38:34 +0000. Up 20.19 seconds.
[[0;32m  OK  [0m] Started Initial cloud-init job (pre-networking).
[[0;32m  OK  [0m] Reached target Network (Pre).
         Starting Raise network interfaces...
[[0;32m  OK  [0m] Started Raise network interfaces.
[[0;32m  OK  [0m] Reached target Network.
         Starting Initial cloud-init job (metadata service crawler)...
[   26.351618] cloud-init[946]: Cloud-init v. 18.2 running 'init' at Tue, 04 Sep 2018 01:38:38 +0000. Up 23.38 seconds.
[   26.372465] cloud-init[946]: ci-info: +++++++++++++++++++++++++++++++++++++Net device info++++++++++++++++++++++++++++++++++++++
[   26.400830] cloud-init[946]: ci-info: +--------+------+----------------------------+---------------+-------+-------------------+
[   26.418975] cloud-init[946]: ci-info: | Device |  Up  |          Address           |      Mask     | Scope |     Hw-Address    |
[   26.448200] cloud-init[946]: ci-info: +--------+------+----------------------------+---------------+-------+-------------------+
[   26.483113] cloud-init[946]: ci-info: | enp0s3 | True |         10.0.2.15          | 255.255.255.0 |   .   | 02:c5:fa:e6:4f:6d |
[   26.537133] cloud-init[946]: [[0;32m  OK  [0m] Started Initial cloud-init job (metadata service crawler).
ci-info: | enp0s3 | True | fe80::c5:faff:fee6:4f6d/64 |       .       |  link | 02:c5:fa:e6:4f:6d |
[   26.573898] cloud-init[946]: ci-info: |   lo   | True |         127.0.0.1          |   255.0.0.0   |   .   |         .         |
[   26.613342] [[0;32m  OK  [0m] Reached target System Initialization.
cloud-init[946]: ci-info: |   lo   | True |          ::1/128           |       .       |  host |         .         |
[   26.668449] cloud-init[946]: ci-info: +--------+------+----------------------------+---------------+-------+-------------------+
[   26.669725] cloud-init[946]: ci-info: +++++++++++++++++++++++++++Route IPv4 info++++++++++++++++++++++++++++
[   26.670061] cloud-init[946]: ci-info: +-------+-------------+----------+---------------+-----------+-------+
[   26.670551] cloud-init[946]: ci-info: | Route | Destination | Gateway  |    Genmask    | Interface | Flags |
[   26.670720] cloud-init[946]: ci-info: +-------+-------------+----------+---------------+-----------+-------+
[   26.671022] cloud-init[946]: ci-info: |   0   |   0.0.0.0   | 10.0.2.2 |    0.0.0.0    |   enp0s3  |   UG  |
[   26.671127] cloud-init[946]: ci-info: |   1   |   10.0.2.0  | 0.0.0.0  | 255.255.255.0 |   enp0s3  |   U   |
[   26.671206] cloud-init[946]: ci-info: +-------+-------------+----------+---------------+-----------+-------+
[[0;32m  OK  [0m] Started ACPI Events Check.
[   26.671274] [[0;32m  OK  [0m] Reached target Paths.
cloud-init[946]: Generating public/private rsa key pair.
[   27.157634] [cloud-init[0;32m  OK  [0m[946]: ] Your identification has been saved in /etc/ssh/ssh_host_rsa_key.Listening on ACPID Listen Socket.

[   27.437027] [cloud-init[0;32m  OK  [0m[946]: ] Your public key has been saved in /etc/ssh/ssh_host_rsa_key.pub.Listening on D-Bus System Message Bus Socket.

         Starting Socket activation for snappy daemon.
[[0;32m  OK  [0m] Started Daily Cleanup of Temporary Directories.
[   27.438887] cloud-init[946]: The key fingerprint is:
[[0;32m  OK  [0m] Listening on UUID daemon activation socket.
[   27.540902]          Starting LXD - unix socket.
cloud-init[946]: SHA256:/6v6/z13rPt/UUtF4OYUm81JvxEFTDxgDlOlVykonDY root@ubuntu-xenial
[   27.646381] [[0;32m  OK  [0m] Started Daily apt download activities.
cloud-init[946]: The key's randomart image is:
[   27.891470] cloud-init[946]: +---[RSA 2048]----+
[   28.000827] [cloud-init[0;32m  OK  [0m[946]: ] |        . +.=****|Started Daily apt upgrade and clean activities.

[   28.188772] [cloud-init[0;32m  OK  [0m[946]: ] |         E * +=O=|Reached target Timers.

[[0;32m  OK  [0m] Reached target Network is Online.
[   28.189789] cloud-init[946]: |        . o o O+=|
[   28.311237]          Starting iSCSI initiator daemon (iscsid)...
cloud-init[946]: |             = .+|
[   28.355290] [[0;32m  OK  [0m] Reached target Cloud-config availability.
cloud-init[946]: |        S     o.o|
[   28.473206] [cloud-init[0;32m  OK  [0m[946]: ] |         .     o |Listening on Socket activation for snappy daemon.

[[0;32m  OK  [0m] Listening on LXD - unix socket.
[   28.474357] cloud-init[946]: |          .    ..|
[   28.721029] cloud-init[946]: |           .   o=|
[   28.822105] cloud-init[946]: |        .ooo+o++X|
[[0;32m  OK  [0m] Started iSCSI initiator daemon (iscsid).
[   28.824794] cloud-init[946]: +----[SHA256]-----+
[   28.920643] cloud-init[946]: Generating public/private dsa key pair.
[   28.926087] cloud-init[946]: Your identification has been saved in /etc/ssh/ssh_host_dsa_key.
[   28.952368] cloud-init[946]: Your public key has been saved in /etc/ssh/ssh_host_dsa_key.pub.         Starting Login to default iSCSI targets...
[[0;32m  OK  [0m] Reached target Sockets.
[[0;32m  OK  [0m] Reached target Basic System.
[[0;32m  OK  [0m] Started Unattended Upgrades Shutdown.

[   29.384589] cloud-init[946]: The key fingerprint is:
[   29.396673] cloud-init[946]: SHA256:+DJp07Us7/haEom0j6ixD07g5Lh9OK1VFOTL7ZhR/0c root@ubuntu-xenial
[[   29.397537] [0;32m  OK  [0mcloud-init] [946]: Started D-Bus System Message Bus.The key's randomart image is:

[   29.399945] cloud-init[946]: +---[DSA 1024]----+
[   29.427381] cloud-init[946]: |     .o          |
[   29.460980] cloud-init[946]: |     . .         |
         Starting Login Service...
[   29.472092] cloud-init[946]: |      + .        |
[   29.499348] cloud-init[946]: |     + B o       |
[   29.516895]          Starting Accounts Service...
cloud-init[946]: |..    O S o   E  |
         Starting Pollinate to seed the pseudo random number generator...
[   29.616130] cloud-init[946]: |=.   o @ + o .   |
[   29.781212] [cloud-init[0;32m  OK  [0m[946]: ] |.o+oo X B + . .  |Started Deferred execution scheduler.

         Starting LXD - container startup/shutdown...
[   29.926088] cloud-init[946]: | =o*o. + *   .   |
[   30.061302]          cloud-initStarting Snappy daemon...[946]: 
|. *=.   o++      |
[   30.062004] cloud-init[946]: +----[SHA256]-----+
[   30.257161]          cloud-initStarting LSB: MD monitoring daemon...[946]: 
Generating public/private ecdsa key pair.
[   30.530762]          Starting LSB: Record successful boot for GRUB...
cloud-init[946]: Your identification has been saved in /etc/ssh/ssh_host_ecdsa_key.
[   30.551210]          Starting /etc/rc.local Compatibility...
cloud-init[946]: Your public key has been saved in /etc/ssh/ssh_host_ecdsa_key.pub.
[   30.565155] cloud-init[946]: The key fingerprint is:
[[0;32m  OK  [0m] Started FUSE filesystem for LXC.
[   30.591939] cloud-init[946]: SHA256:iOKWDgRBWTHD0kApuMz6BYZTB+WcZqQtAmvDbUEwqYM root@ubuntu-xenial
         Starting Apply the settings specified in cloud-config...
[[0;32m  OK  [0m] Started Regular background program processing daemon.
         Starting Virtualbox guest utils...
         Starting System Logging Service...
[   30.619463] cloud-init[946]: The key's randomart image is:
[[0;32m  OK  [0m] Started ACPI event daemon.
[[0;32m  OK  [0m] Started Snappy daemon.
[[0;32m  OK  [0m] Started System Logging Service.
[[0;32m  OK  [0m] Started LXD - container startup/shutdown.
[[0;32m  OK  [0m] Started Pollinate to seed the pseudo random number generator.
[   30.665951] [[0;32m  OK  [0m] Started /etc/rc.local Compatibility.
cloud-init[946]: +---[ECDSA 256]---+
[   31.327750] cloud-init[946]: |**%X+            |
[   31.350700] cloud-init[946]: |=B+O=.           |
[   31.358263] cloud-init[946]: |XB++B            |
[   31.463048] cloud-init[946]: |E+=+ . .         |
[   31.684021] cloud-init[946]: [|.=... . S        |
[0;32m  OK  [0m] Started Login to default iSCSI targets.
[   31.713877] cloud-init[946]: |o. o.            |
[   31.748615] cloud-init[946]: |..+.             |
[   31.803029] cloud-init[946]: | +.              |
[   31.949754] [[0;32m  OK  [0m] Started LSB: Record successful boot for GRUB.
cloud-init[946]: |  .              |
[   32.171769] cloud-init[946]: +----[SHA256]-----+
[   32.570420] [[0;32m  OK  [0m] Started LSB: MD monitoring daemon.
cloud-init[946]: Generating public/private ed25519 key pair.
[   32.618923] cloud-init[946]: Your identification has been saved in /etc/ssh/ssh_host_ed25519_key.
[[0;32m  OK  [0m[   32.708482] cloud-init[946]: Your public key has been saved in /etc/ssh/ssh_host_ed25519_key.pub.
[   32.708607] cloud-init[946]: The key fingerprint is:
[   32.708693] cloud-init[946]: SHA256:ZQr8H+kgX/k6YSnhr+VX08jgz+5uKS6wZQ7V4sMGmRQ root@ubuntu-xenial
[   32.708787] cloud-init[946]: The key's randomart image is:
[   32.708910] cloud-init[946]: +--[ED25519 256]--+
[   32.708996] cloud-init[946]: |        E.       |
[   32.709103] cloud-init[946]: |     .  .        |
[   32.709177] cloud-init[946]: |      o. oo.     |
[   32.709257] cloud-init[946]: |       o=+ooo    |
[   32.709327] cloud-init[946]: |      ..S*=+ o o |
[   32.709408] cloud-init[946]: |       o==@o. = .|
[   32.709497] cloud-init[946]: |        .%+o.+ o |
[   32.709572] cloud-init[946]: |        .o=.o =  |
[   32.709717] cloud-init[946]: |        ..o=.*+  |
[   32.709786] cloud-init[946]: +----[SHA256]-----+
] Started Login Service.
[[0;32m  OK  [0m] Started Virtualbox guest utils.
         Starting Authenticate and Authorize Users to Run Privileged Tasks...
[[0;32m  OK  [0m] Reached target Remote File Systems (Pre).
[[0;32m  OK  [0m] Reached target Remote File Systems.
         Starting Permit User Sessions...
         Starting LSB: Set the CPU Frequency Scaling governor to "ondemand"...
         Starting LSB: daemon to balance interrupts for SMP systems...
         Starting LSB: automatic crash report generation...
         Starting OpenBSD Secure Shell server...
         Starting Wait until snapd is fully seeded...
[[0;32m  OK  [0m] Started Permit User Sessions.
[[0;32m  OK  [0m] Started OpenBSD Secure Shell server.
[[0;32m  OK  [0m] Started Wait until snapd is fully seeded.
[[0;32m  OK  [0m] Started Authenticate and Authorize Users to Run Privileged Tasks.
[[0;32m  OK  [0m] Started Accounts Service.
         Starting Terminate Plymouth Boot Screen...
         Starting Hold until boot process finishes up...
[[0;32m  OK  [0m] Started LSB: Set the CPU Frequency Scaling governor to "ondemand".
[[0;32m  OK  [0m] Started LSB: daemon to balance interrupts for SMP systems.
[[0;32m  OK  [0m] Started LSB: automatic crash report generation.
[[0;32m  OK  [0m] Started Terminate Plymouth Boot Screen.
[[0;32m  OK  [0m] Started Hold until boot process finishes up.
[[0;32m  OK  [0m] Started Serial Getty on ttyS0.
         Starting Set console scheme...
[[0;32m  OK  [0m] Started Getty on tty1.
[[0;32m  OK  [0m] Reached target Login Prompts.
[[0;32m  OK  [0m] Reached target Multi-User System.
[[0;32m  OK  [0m] Reached target Graphical Interface.
         Starting Update UTMP about System Runlevel Changes...
[[0;32m  OK  [0m] Started Set console scheme.
[   36.604026] cloud-init[1120]: Generating locales (this might take a while)...
[[0;32m  OK  [0m] Started Update UTMP about System Runlevel Changes.
[[0;32m  OK  [0m] Created slice User Slice of vagrant.
         Starting User Manager for UID 1000...
[[0;32m  OK  [0m] Started Session 1 of user vagrant.
[[0;32m  OK  [0m] Started User Manager for UID 1000.

Ubuntu 16.04.4 LTS ubuntu-xenial ttyS0

ubuntu-xenial login: [   43.365058] cloud-init[1120]:   en_US.UTF-8... done
[   43.371297] cloud-init[1120]: Generation complete.
[   47.497727] cloud-init[1120]: Cloud-init v. 18.2 running 'modules:config' at Tue, 04 Sep 2018 01:38:49 +0000. Up 34.98 seconds.
ci-info: no authorized ssh keys fingerprints found for user ubuntu.
<14>Sep  4 01:39:07 ec2: 
<14>Sep  4 01:39:07 ec2: #############################################################
<14>Sep  4 01:39:07 ec2: -----BEGIN SSH HOST KEY FINGERPRINTS-----
<14>Sep  4 01:39:07 ec2: 1024 SHA256:+DJp07Us7/haEom0j6ixD07g5Lh9OK1VFOTL7ZhR/0c root@ubuntu-xenial (DSA)
<14>Sep  4 01:39:07 ec2: 256 SHA256:iOKWDgRBWTHD0kApuMz6BYZTB+WcZqQtAmvDbUEwqYM root@ubuntu-xenial (ECDSA)
<14>Sep  4 01:39:07 ec2: 256 SHA256:ZQr8H+kgX/k6YSnhr+VX08jgz+5uKS6wZQ7V4sMGmRQ root@ubuntu-xenial (ED25519)
<14>Sep  4 01:39:07 ec2: 2048 SHA256:/6v6/z13rPt/UUtF4OYUm81JvxEFTDxgDlOlVykonDY root@ubuntu-xenial (RSA)
<14>Sep  4 01:39:07 ec2: -----END SSH HOST KEY FINGERPRINTS-----
<14>Sep  4 01:39:07 ec2: #############################################################
-----BEGIN SSH HOST KEY KEYS-----
ecdsa-sha2-nistp256 AAAAE2VjZHNhLXNoYTItbmlzdHAyNTYAAAAIbmlzdHAyNTYAAABBBHEPlwjLcJrhdsWR25b+j2RzlX2F/TauqDZxy/aff105gRa2PjzCcc3XJkz1EybDYO5ZudHIQGqPpnSPY9NgeU0= root@ubuntu-xenial
ssh-ed25519 AAAAC3NzaC1lZDI1NTE5AAAAIEsi7HK+hfZV4uQNntKkT/SNVKgGiQZRf6DXJJHX5u+r root@ubuntu-xenial
ssh-rsa AAAAB3NzaC1yc2EAAAADAQABAAABAQDstZ9w/LqAXIw9aqFJxNa01oTWNmxuHUqvdZVvhJim79DqwSRcY7RZCYkT/7sp2TrN8gLJTChlMXFTwc7cAc5dtHM4v5pNnYKLtsaI9AhCyWlVJki9Y5hkM9QwpdLDGrTsRVBuEgKX6FIQVxhkiM+FgxwCfl7SFnGU75mJxevAakW2KQwM8tP6JE/dAnkvUsLzWm5U0iyZbpq92/zTXtAbpqzc7oUMlpgh3X60QAYpxdKHoYcQZLtuv++rsqpYX/8C5ekg40ZFmSUqrUxWiGcVlq3d4iQBvPt9NA+ebsndiUAvRbWZaWccOQ9s+qUslaubM8PwfZlq9QsWUqfTBMlp root@ubuntu-xenial
-----END SSH HOST KEY KEYS-----
[   53.087316] cloud-init[1454]: Cloud-init v. 18.2 running 'modules:final' at Tue, 04 Sep 2018 01:39:05 +0000. Up 51.32 seconds.
[   53.087629] cloud-init[1454]: ci-info: no authorized ssh keys fingerprints found for user ubuntu.
[   53.088503] cloud-init[1454]: Cloud-init v. 18.2 finished at Tue, 04 Sep 2018 01:39:07 +0000. Datasource DataSourceNoCloud [seed=/dev/sdb][dsmode=net].  Up 53.05 seconds
